生成启动时间为 2021/2/15 22:07:05。
     1>项目“C:\Users\Ricky\Desktop\C++\STL-string容器\STL-string容器\STL-string容器.vcxproj”在节点 2 上(Build 个目标)。
     1>ClCompile:
         D:\VS2013\VC\bin\CL.exe /c /ZI /nologo /W3 /WX- /sdl /Od /Oy- /D _UNICODE /D UNICODE /Gm /EHsc /RTC1 /MDd /GS /fp:precise /Zc:wchar_t /Zc:forScope /Fo"Debug\\" /Fd"Debug\vc120.pdb" /Gd /TP /analyze- /errorReport:prompt "string子串.cpp" "string字符串插入删除.cpp"
         string字符串插入删除.cpp
         string子串.cpp
         正在生成代码...
       Link:
         D:\VS2013\VC\bin\link.exe /ERRORREPORT:PROMPT /OUT:"C:\Users\Ricky\Desktop\C++\STL-string容器\Debug\STL-string容器.exe" /INCREMENTAL /NOLOGO kernel32.lib user32.lib gdi32.lib winspool.lib comdlg32.lib advapi32.lib shell32.lib ole32.lib oleaut32.lib uuid.lib odbc32.lib odbccp32.lib /MANIFEST /MANIFESTUAC:"level='asInvoker' uiAccess='false'" /manifest:embed /DEBUG /PDB:"C:\Users\Ricky\Desktop\C++\STL-string容器\Debug\STL-string容器.pdb" /TLBID:1 /DYNAMICBASE /NXCOMPAT /IMPLIB:"C:\Users\Ricky\Desktop\C++\STL-string容器\Debug\STL-string容器.lib" /MACHINE:X86 "Debug\string子串.obj"
         "Debug\string字符串存取.obj"
         "Debug\string字符串拼接.obj"
         "Debug\string字符串插入删除.obj"
         "Debug\string字符串查找和替换.obj"
         "Debug\string字符串比较.obj"
         "Debug\string构造函数.obj"
         "Debug\string赋值操作.obj"
         STL-string容器.vcxproj -> C:\Users\Ricky\Desktop\C++\STL-string容器\Debug\STL-string容器.exe
     1>已完成生成项目“C:\Users\Ricky\Desktop\C++\STL-string容器\STL-string容器\STL-string容器.vcxproj”(Build 个目标)的操作。

生成成功。

已用时间 00:00:01.09
